This file contains any messages produced by compilers while
running configure, to aid debugging if configure makes a mistake.

It was created by cmsat configure 2.9.9, which was
generated by GNU Autoconf 2.69.  Invocation command line was

  $ ../configure --no-create --no-recursion

## --------- ##
## Platform. ##
## --------- ##

hostname = itops-X8DA6
uname -m = x86_64
uname -r = 4.10.0-35-generic
uname -s = Linux
uname -v = #39-Ubuntu SMP Wed Sep 13 07:46:59 UTC 2017

/usr/bin/uname -p = unknown
/bin/uname -X     = unknown

/bin/arch              = unknown
/usr/bin/arch -k       = unknown
/usr/convex/getsysinfo = unknown
/usr/bin/hostinfo      = unknown
/bin/machine           = unknown
/usr/bin/oslevel       = unknown
/bin/universe          = unknown

PATH: /home/itops/bin
PATH: /usr/local/sbin
PATH: /usr/local/bin
PATH: /usr/sbin
PATH: /usr/bin
PATH: /sbin
PATH: /bin
PATH: /usr/games
PATH: /usr/local/games
PATH: /snap/bin


## ----------- ##
## Core tests. ##
## ----------- ##

configure:2625: checking build system type
configure:2639: result: x86_64-unknown-linux-gnu
configure:2659: checking host system type
configure:2672: result: x86_64-unknown-linux-gnu
configure:2713: checking how to print strings
configure:2740: result: printf
configure:2809: checking for gcc
configure:2825: found /usr/bin/gcc
configure:2836: result: gcc
configure:3065: checking for C compiler version
configure:3074: gcc --version >&5
gcc (Ubuntu 6.3.0-12ubuntu2) 6.3.0 20170406
Copyright (C) 2016 Free Software Foundation, Inc.
This is free software; see the source for copying conditions.  There is NO
warranty; not even for MERCHANTABILITY or FITNESS FOR A PARTICULAR PURPOSE.

configure:3085: $? = 0
configure:3074: gcc -v >&5
Using built-in specs.
COLLECT_GCC=gcc
COLLECT_LTO_WRAPPER=/usr/lib/gcc/x86_64-linux-gnu/6/lto-wrapper
Target: x86_64-linux-gnu
Configured with: ../src/configure -v --with-pkgversion='Ubuntu 6.3.0-12ubuntu2' --with-bugurl=file:///usr/share/doc/gcc-6/README.Bugs --enable-languages=c,ada,c++,java,go,d,fortran,objc,obj-c++ --prefix=/usr --program-suffix=-6 --program-prefix=x86_64-linux-gnu- --enable-shared --enable-linker-build-id --libexecdir=/usr/lib --without-included-gettext --enable-threads=posix --libdir=/usr/lib --enable-nls --with-sysroot=/ --enable-clocale=gnu --enable-libstdcxx-debug --enable-libstdcxx-time=yes --with-default-libstdcxx-abi=new --enable-gnu-unique-object --disable-vtable-verify --enable-libmpx --enable-plugin --enable-default-pie --with-system-zlib --disable-browser-plugin --enable-java-awt=gtk --enable-gtk-cairo --with-java-home=/usr/lib/jvm/java-1.5.0-gcj-6-amd64/jre --enable-java-home --with-jvm-root-dir=/usr/lib/jvm/java-1.5.0-gcj-6-amd64 --with-jvm-jar-dir=/usr/lib/jvm-exports/java-1.5.0-gcj-6-amd64 --with-arch-directory=amd64 --with-ecj-jar=/usr/share/java/eclipse-ecj.jar --with-target-system-zlib --enable-objc-gc=auto --enable-multiarch --disable-werror --with-arch-32=i686 --with-abi=m64 --with-multilib-list=m32,m64,mx32 --enable-multilib --with-tune=generic --enable-checking=release --build=x86_64-linux-gnu --host=x86_64-linux-gnu --target=x86_64-linux-gnu
Thread model: posix
gcc version 6.3.0 20170406 (Ubuntu 6.3.0-12ubuntu2) 
configure:3085: $? = 0
configure:3074: gcc -V >&5
gcc: error: unrecognized command line option '-V'
gcc: fatal error: no input files
compilation terminated.
configure:3085: $? = 1
configure:3074: gcc -qversion >&5
gcc: error: unrecognized command line option '-qversion'; did you mean '--version'?
gcc: fatal error: no input files
compilation terminated.
configure:3085: $? = 1
configure:3105: checking whether the C compiler works
configure:3127: gcc    conftest.c  >&5
configure:3131: $? = 0
configure:3179: result: yes
configure:3182: checking for C compiler default output file name
configure:3184: result: a.out
configure:3190: checking for suffix of executables
configure:3197: gcc -o conftest    conftest.c  >&5
configure:3201: $? = 0
configure:3223: result: 
configure:3245: checking whether we are cross compiling
configure:3253: gcc -o conftest    conftest.c  >&5
configure:3257: $? = 0
configure:3264: ./conftest
configure:3268: $? = 0
configure:3283: result: no
configure:3288: checking for suffix of object files
configure:3310: gcc -c   conftest.c >&5
configure:3314: $? = 0
configure:3335: result: o
configure:3339: checking whether we are using the GNU C compiler
configure:3358: gcc -c   conftest.c >&5
configure:3358: $? = 0
configure:3367: result: yes
configure:3376: checking whether gcc accepts -g
configure:3396: gcc -c -g  conftest.c >&5
configure:3396: $? = 0
configure:3437: result: yes
configure:3454: checking for gcc option to accept ISO C89
configure:3517: gcc  -c -g -O2  conftest.c >&5
configure:3517: $? = 0
configure:3530: result: none needed
configure:3550: checking for a sed that does not truncate output
configure:3614: result: /bin/sed
configure:3632: checking for grep that handles long lines and -e
configure:3690: result: /bin/grep
configure:3695: checking for egrep
configure:3757: result: /bin/grep -E
configure:3762: checking for fgrep
configure:3824: result: /bin/grep -F
configure:3859: checking for ld used by gcc
configure:3926: result: /usr/bin/ld
configure:3933: checking if the linker (/usr/bin/ld) is GNU ld
configure:3948: result: yes
configure:3960: checking for BSD- or MS-compatible name lister (nm)
configure:4009: result: /usr/bin/nm -B
configure:4139: checking the name lister (/usr/bin/nm -B) interface
configure:4146: gcc -c -g -O2  conftest.c >&5
configure:4149: /usr/bin/nm -B "conftest.o"
configure:4152: output
0000000000000000 B some_variable
configure:4159: result: BSD nm
configure:4162: checking whether ln -s works
configure:4166: result: yes
configure:4174: checking the maximum length of command line arguments
configure:4304: result: 1572864
configure:4321: checking whether the shell understands some XSI constructs
configure:4331: result: yes
configure:4335: checking whether the shell understands "+="
configure:4341: result: yes
configure:4376: checking how to convert x86_64-unknown-linux-gnu file names to x86_64-unknown-linux-gnu format
configure:4416: result: func_convert_file_noop
configure:4423: checking how to convert x86_64-unknown-linux-gnu file names to toolchain format
configure:4443: result: func_convert_file_noop
configure:4450: checking for /usr/bin/ld option to reload object files
configure:4457: result: -r
configure:4531: checking for objdump
configure:4547: found /usr/bin/objdump
configure:4558: result: objdump
configure:4590: checking how to recognize dependent libraries
configure:4792: result: pass_all
configure:4877: checking for dlltool
configure:4907: result: no
configure:4937: checking how to associate runtime and link libraries
configure:4964: result: printf %s\n
configure:5025: checking for ar
configure:5041: found /usr/bin/ar
configure:5052: result: ar
configure:5089: checking for archiver @FILE support
configure:5106: gcc -c -g -O2  conftest.c >&5
configure:5106: $? = 0
configure:5109: ar cru libconftest.a @conftest.lst >&5
ar: `u' modifier ignored since `D' is the default (see `U')
configure:5112: $? = 0
configure:5117: ar cru libconftest.a @conftest.lst >&5
ar: `u' modifier ignored since `D' is the default (see `U')
ar: conftest.o: No such file or directory
configure:5120: $? = 1
configure:5132: result: @
configure:5190: checking for strip
configure:5206: found /usr/bin/strip
configure:5217: result: strip
configure:5289: checking for ranlib
configure:5305: found /usr/bin/ranlib
configure:5316: result: ranlib
configure:5393: checking for gawk
configure:5409: found /usr/bin/gawk
configure:5420: result: gawk
configure:5460: checking command to parse /usr/bin/nm -B output from gcc object
configure:5580: gcc -c -g -O2  conftest.c >&5
configure:5583: $? = 0
configure:5587: /usr/bin/nm -B conftest.o \| sed -n -e 's/^.*[ ]\([ABCDGIRSTW][ABCDGIRSTW]*\)[ ][ ]*\([_A-Za-z][_A-Za-z0-9]*\)$/\1 \2 \2/p' | sed '/ __gnu_lto/d' \> conftest.nm
configure:5590: $? = 0
configure:5656: gcc -o conftest -g -O2   conftest.c conftstm.o >&5
configure:5659: $? = 0
configure:5697: result: ok
configure:5734: checking for sysroot
configure:5764: result: no
configure:5841: gcc -c -g -O2  conftest.c >&5
configure:5844: $? = 0
configure:6020: checking for mt
configure:6036: found /bin/mt
configure:6047: result: mt
configure:6070: checking if mt is a manifest tool
configure:6076: mt '-?'
configure:6084: result: no
configure:6726: checking how to run the C preprocessor
configure:6757: gcc -E  conftest.c
configure:6757: $? = 0
configure:6771: gcc -E  conftest.c
conftest.c:9:28: fatal error: ac_nonexistent.h: No such file or directory
 #include <ac_nonexistent.h>
                            ^
compilation terminated.
configure:6771: $? = 1
configure: failed program was:
| /* confdefs.h */
| #define PACKAGE_NAME "cmsat"
| #define PACKAGE_TARNAME "cmsat"
| #define PACKAGE_VERSION "2.9.9"
| #define PACKAGE_STRING "cmsat 2.9.9"
| #define PACKAGE_BUGREPORT ""
| #define PACKAGE_URL ""
| /* end confdefs.h.  */
| #include <ac_nonexistent.h>
configure:6796: result: gcc -E
configure:6816: gcc -E  conftest.c
configure:6816: $? = 0
configure:6830: gcc -E  conftest.c
conftest.c:9:28: fatal error: ac_nonexistent.h: No such file or directory
 #include <ac_nonexistent.h>
                            ^
compilation terminated.
configure:6830: $? = 1
configure: failed program was:
| /* confdefs.h */
| #define PACKAGE_NAME "cmsat"
| #define PACKAGE_TARNAME "cmsat"
| #define PACKAGE_VERSION "2.9.9"
| #define PACKAGE_STRING "cmsat 2.9.9"
| #define PACKAGE_BUGREPORT ""
| #define PACKAGE_URL ""
| /* end confdefs.h.  */
| #include <ac_nonexistent.h>
configure:6859: checking for ANSI C header files
configure:6879: gcc -c -g -O2  conftest.c >&5
configure:6879: $? = 0
configure:6952: gcc -o conftest -g -O2   conftest.c  >&5
configure:6952: $? = 0
configure:6952: ./conftest
configure:6952: $? = 0
configure:6963: result: yes
configure:6976: checking for sys/types.h
configure:6976: gcc -c -g -O2  conftest.c >&5
configure:6976: $? = 0
configure:6976: result: yes
configure:6976: checking for sys/stat.h
configure:6976: gcc -c -g -O2  conftest.c >&5
configure:6976: $? = 0
configure:6976: result: yes
configure:6976: checking for stdlib.h
configure:6976: gcc -c -g -O2  conftest.c >&5
configure:6976: $? = 0
configure:6976: result: yes
configure:6976: checking for string.h
configure:6976: gcc -c -g -O2  conftest.c >&5
configure:6976: $? = 0
configure:6976: result: yes
configure:6976: checking for memory.h
configure:6976: gcc -c -g -O2  conftest.c >&5
configure:6976: $? = 0
configure:6976: result: yes
configure:6976: checking for strings.h
configure:6976: gcc -c -g -O2  conftest.c >&5
configure:6976: $? = 0
configure:6976: result: yes
configure:6976: checking for inttypes.h
configure:6976: gcc -c -g -O2  conftest.c >&5
configure:6976: $? = 0
configure:6976: result: yes
configure:6976: checking for stdint.h
configure:6976: gcc -c -g -O2  conftest.c >&5
configure:6976: $? = 0
configure:6976: result: yes
configure:6976: checking for unistd.h
configure:6976: gcc -c -g -O2  conftest.c >&5
configure:6976: $? = 0
configure:6976: result: yes
configure:6990: checking for dlfcn.h
configure:6990: gcc -c -g -O2  conftest.c >&5
configure:6990: $? = 0
configure:6990: result: yes
configure:7196: checking for objdir
configure:7211: result: .libs
configure:7478: checking if gcc supports -fno-rtti -fno-exceptions
configure:7496: gcc -c -g -O2  -fno-rtti -fno-exceptions conftest.c >&5
cc1: warning: command line option '-fno-rtti' is valid for C++/ObjC++ but not for C
configure:7500: $? = 0
configure:7513: result: no
configure:7840: checking for gcc option to produce PIC
configure:7847: result: -fPIC -DPIC
configure:7855: checking if gcc PIC flag -fPIC -DPIC works
configure:7873: gcc -c -g -O2  -fPIC -DPIC -DPIC conftest.c >&5
configure:7877: $? = 0
configure:7890: result: yes
configure:7919: checking if gcc static flag -static works
configure:7947: result: yes
configure:7962: checking if gcc supports -c -o file.o
configure:7983: gcc -c -g -O2  -o out/conftest2.o conftest.c >&5
configure:7987: $? = 0
configure:8009: result: yes
configure:8017: checking if gcc supports -c -o file.o
configure:8064: result: yes
configure:8097: checking whether the gcc linker (/usr/bin/ld -m elf_x86_64) supports shared libraries
configure:9254: result: yes
configure:9291: checking whether -lc should be explicitly linked in
configure:9299: gcc -c -g -O2  conftest.c >&5
configure:9302: $? = 0
configure:9317: gcc -shared  -fPIC -DPIC conftest.o  -v -Wl,-soname -Wl,conftest -o conftest 2\>\&1 \| /bin/grep  -lc  \>/dev/null 2\>\&1
configure:9320: $? = 0
configure:9334: result: no
configure:9494: checking dynamic linker characteristics
configure:10005: gcc -o conftest -g -O2   -Wl,-rpath -Wl,/foo conftest.c  >&5
configure:10005: $? = 0
configure:10239: result: GNU/Linux ld.so
configure:10346: checking how to hardcode library paths into programs
configure:10371: result: immediate
configure:10911: checking whether stripping libraries is possible
configure:10916: result: yes
configure:10951: checking if libtool supports shared libraries
configure:10953: result: yes
configure:10956: checking whether to build shared libraries
configure:10977: result: yes
configure:10980: checking whether to build static libraries
configure:10984: result: yes
configure:11089: checking for g++
configure:11105: found /usr/bin/g++
configure:11116: result: g++
configure:11143: checking for C++ compiler version
configure:11152: g++ --version >&5
g++ (Ubuntu 6.3.0-12ubuntu2) 6.3.0 20170406
Copyright (C) 2016 Free Software Foundation, Inc.
This is free software; see the source for copying conditions.  There is NO
warranty; not even for MERCHANTABILITY or FITNESS FOR A PARTICULAR PURPOSE.

configure:11163: $? = 0
configure:11152: g++ -v >&5
Using built-in specs.
COLLECT_GCC=g++
COLLECT_LTO_WRAPPER=/usr/lib/gcc/x86_64-linux-gnu/6/lto-wrapper
Target: x86_64-linux-gnu
Configured with: ../src/configure -v --with-pkgversion='Ubuntu 6.3.0-12ubuntu2' --with-bugurl=file:///usr/share/doc/gcc-6/README.Bugs --enable-languages=c,ada,c++,java,go,d,fortran,objc,obj-c++ --prefix=/usr --program-suffix=-6 --program-prefix=x86_64-linux-gnu- --enable-shared --enable-linker-build-id --libexecdir=/usr/lib --without-included-gettext --enable-threads=posix --libdir=/usr/lib --enable-nls --with-sysroot=/ --enable-clocale=gnu --enable-libstdcxx-debug --enable-libstdcxx-time=yes --with-default-libstdcxx-abi=new --enable-gnu-unique-object --disable-vtable-verify --enable-libmpx --enable-plugin --enable-default-pie --with-system-zlib --disable-browser-plugin --enable-java-awt=gtk --enable-gtk-cairo --with-java-home=/usr/lib/jvm/java-1.5.0-gcj-6-amd64/jre --enable-java-home --with-jvm-root-dir=/usr/lib/jvm/java-1.5.0-gcj-6-amd64 --with-jvm-jar-dir=/usr/lib/jvm-exports/java-1.5.0-gcj-6-amd64 --with-arch-directory=amd64 --with-ecj-jar=/usr/share/java/eclipse-ecj.jar --with-target-system-zlib --enable-objc-gc=auto --enable-multiarch --disable-werror --with-arch-32=i686 --with-abi=m64 --with-multilib-list=m32,m64,mx32 --enable-multilib --with-tune=generic --enable-checking=release --build=x86_64-linux-gnu --host=x86_64-linux-gnu --target=x86_64-linux-gnu
Thread model: posix
gcc version 6.3.0 20170406 (Ubuntu 6.3.0-12ubuntu2) 
configure:11163: $? = 0
configure:11152: g++ -V >&5
g++: error: unrecognized command line option '-V'
g++: fatal error: no input files
compilation terminated.
configure:11163: $? = 1
configure:11152: g++ -qversion >&5
g++: error: unrecognized command line option '-qversion'; did you mean '--version'?
g++: fatal error: no input files
compilation terminated.
configure:11163: $? = 1
configure:11167: checking whether we are using the GNU C++ compiler
configure:11186: g++ -c   conftest.cpp >&5
configure:11186: $? = 0
configure:11195: result: yes
configure:11204: checking whether g++ accepts -g
configure:11224: g++ -c -g  conftest.cpp >&5
configure:11224: $? = 0
configure:11265: result: yes
configure:11306: checking how to run the C++ preprocessor
configure:11333: g++ -E  conftest.cpp
configure:11333: $? = 0
configure:11347: g++ -E  conftest.cpp
conftest.cpp:21:28: fatal error: ac_nonexistent.h: No such file or directory
 #include <ac_nonexistent.h>
                            ^
compilation terminated.
configure:11347: $? = 1
configure: failed program was:
| /* confdefs.h */
| #define PACKAGE_NAME "cmsat"
| #define PACKAGE_TARNAME "cmsat"
| #define PACKAGE_VERSION "2.9.9"
| #define PACKAGE_STRING "cmsat 2.9.9"
| #define PACKAGE_BUGREPORT ""
| #define PACKAGE_URL ""
| #define STDC_HEADERS 1
| #define HAVE_SYS_TYPES_H 1
| #define HAVE_SYS_STAT_H 1
| #define HAVE_STDLIB_H 1
| #define HAVE_STRING_H 1
| #define HAVE_MEMORY_H 1
| #define HAVE_STRINGS_H 1
| #define HAVE_INTTYPES_H 1
| #define HAVE_STDINT_H 1
| #define HAVE_UNISTD_H 1
| #define HAVE_DLFCN_H 1
| #define LT_OBJDIR ".libs/"
| /* end confdefs.h.  */
| #include <ac_nonexistent.h>
configure:11372: result: g++ -E
configure:11392: g++ -E  conftest.cpp
configure:11392: $? = 0
configure:11406: g++ -E  conftest.cpp
conftest.cpp:21:28: fatal error: ac_nonexistent.h: No such file or directory
 #include <ac_nonexistent.h>
                            ^
compilation terminated.
configure:11406: $? = 1
configure: failed program was:
| /* confdefs.h */
| #define PACKAGE_NAME "cmsat"
| #define PACKAGE_TARNAME "cmsat"
| #define PACKAGE_VERSION "2.9.9"
| #define PACKAGE_STRING "cmsat 2.9.9"
| #define PACKAGE_BUGREPORT ""
| #define PACKAGE_URL ""
| #define STDC_HEADERS 1
| #define HAVE_SYS_TYPES_H 1
| #define HAVE_SYS_STAT_H 1
| #define HAVE_STDLIB_H 1
| #define HAVE_STRING_H 1
| #define HAVE_MEMORY_H 1
| #define HAVE_STRINGS_H 1
| #define HAVE_INTTYPES_H 1
| #define HAVE_STDINT_H 1
| #define HAVE_UNISTD_H 1
| #define HAVE_DLFCN_H 1
| #define LT_OBJDIR ".libs/"
| /* end confdefs.h.  */
| #include <ac_nonexistent.h>
configure:11575: checking for ld used by g++
configure:11642: result: /usr/bin/ld -m elf_x86_64
configure:11649: checking if the linker (/usr/bin/ld -m elf_x86_64) is GNU ld
configure:11664: result: yes
configure:11719: checking whether the g++ linker (/usr/bin/ld -m elf_x86_64) supports shared libraries
configure:12724: result: yes
configure:12760: g++ -c -g -O2  conftest.cpp >&5
configure:12763: $? = 0
configure:13283: checking for g++ option to produce PIC
configure:13290: result: -fPIC -DPIC
configure:13298: checking if g++ PIC flag -fPIC -DPIC works
configure:13316: g++ -c -g -O2  -fPIC -DPIC -DPIC conftest.cpp >&5
configure:13320: $? = 0
configure:13333: result: yes
configure:13356: checking if g++ static flag -static works
configure:13384: result: yes
configure:13396: checking if g++ supports -c -o file.o
configure:13417: g++ -c -g -O2  -o out/conftest2.o conftest.cpp >&5
configure:13421: $? = 0
configure:13443: result: yes
configure:13448: checking if g++ supports -c -o file.o
configure:13495: result: yes
configure:13525: checking whether the g++ linker (/usr/bin/ld -m elf_x86_64) supports shared libraries
configure:13564: result: yes
configure:13705: checking dynamic linker characteristics
configure:14384: result: GNU/Linux ld.so
configure:14437: checking how to hardcode library paths into programs
configure:14462: result: immediate
configure:14512: checking for gcc bug number 47365
configure:14618: g++ -o conftest -g -O3 -Wall -pedantic   conftest.cpp  >&5
configure:14618: $? = 0
configure:14618: ./conftest
configure:14618: $? = 0
configure:14629: result: no
configure:14633: result: Your gcc version doesn't _seem_ broken
configure:14642: checking static linking
configure:14651: result: no
configure:14673: checking for a BSD-compatible install
configure:14741: result: /usr/bin/install -c
configure:14752: checking whether build environment is sane
configure:14802: result: yes
configure:14943: checking for a thread-safe mkdir -p
configure:14982: result: /bin/mkdir -p
configure:14991: checking whether make sets $(MAKE)
configure:15013: result: yes
configure:15043: checking for style of include used by make
configure:15071: result: GNU
configure:15157: checking dependency style of gcc
configure:15268: result: gcc3
configure:15285: checking dependency style of g++
configure:15396: result: gcc3
configure:15418: checking iostream usability
configure:15418: g++ -c -g -O3 -Wall -pedantic  conftest.cpp >&5
configure:15418: $? = 0
configure:15418: result: yes
configure:15418: checking iostream presence
configure:15418: g++ -E  conftest.cpp
configure:15418: $? = 0
configure:15418: result: yes
configure:15418: checking for iostream
configure:15418: result: yes
configure:15434: checking size of int
configure:15439: g++ -o conftest -g -O3 -Wall -pedantic   conftest.cpp  >&5
configure:15439: $? = 0
configure:15439: ./conftest
configure:15439: $? = 0
configure:15453: result: 4
configure:15467: checking size of long
configure:15472: g++ -o conftest -g -O3 -Wall -pedantic   conftest.cpp  >&5
configure:15472: $? = 0
configure:15472: ./conftest
configure:15472: $? = 0
configure:15486: result: 8
configure:15500: checking size of size_t
configure:15505: g++ -o conftest -g -O3 -Wall -pedantic   conftest.cpp  >&5
configure:15505: $? = 0
configure:15505: ./conftest
configure:15505: $? = 0
configure:15519: result: 8
configure:15548: checking for g++ option to support OpenMP
configure:15563: g++ -o conftest -g -O3 -Wall -pedantic   conftest.cpp  >&5
conftest.cpp:30:2: error: 'choke' does not name a type
  choke me
  ^~~~~
In file included from conftest.cpp:32:0:
/usr/lib/gcc/x86_64-linux-gnu/6/include/omp.h:39:3: error: 'omp_lock_t' does not name a type
 } omp_lock_t;
   ^~~~~~~~~~
/usr/lib/gcc/x86_64-linux-gnu/6/include/omp.h:100:28: error: variable or field 'omp_init_lock' declared void
 extern void omp_init_lock (omp_lock_t *) __GOMP_NOTHROW;
                            ^~~~~~~~~~
/usr/lib/gcc/x86_64-linux-gnu/6/include/omp.h:100:28: error: 'omp_lock_t' was not declared in this scope
/usr/lib/gcc/x86_64-linux-gnu/6/include/omp.h:100:40: error: expected primary-expression before ')' token
 extern void omp_init_lock (omp_lock_t *) __GOMP_NOTHROW;
                                        ^
/usr/lib/gcc/x86_64-linux-gnu/6/include/omp.h:101:38: error: variable or field 'omp_init_lock_with_hint' declared void
 extern void omp_init_lock_with_hint (omp_lock_t *, omp_lock_hint_t)
                                      ^~~~~~~~~~
/usr/lib/gcc/x86_64-linux-gnu/6/include/omp.h:101:38: error: 'omp_lock_t' was not declared in this scope
/usr/lib/gcc/x86_64-linux-gnu/6/include/omp.h:101:50: error: expected primary-expression before ',' token
 extern void omp_init_lock_with_hint (omp_lock_t *, omp_lock_hint_t)
                                                  ^
/usr/lib/gcc/x86_64-linux-gnu/6/include/omp.h:101:67: error: expected primary-expression before ')' token
 extern void omp_init_lock_with_hint (omp_lock_t *, omp_lock_hint_t)
                                                                   ^
/usr/lib/gcc/x86_64-linux-gnu/6/include/omp.h:103:31: error: variable or field 'omp_destroy_lock' declared void
 extern void omp_destroy_lock (omp_lock_t *) __GOMP_NOTHROW;
                               ^~~~~~~~~~
/usr/lib/gcc/x86_64-linux-gnu/6/include/omp.h:103:31: error: 'omp_lock_t' was not declared in this scope
/usr/lib/gcc/x86_64-linux-gnu/6/include/omp.h:103:43: error: expected primary-expression before ')' token
 extern void omp_destroy_lock (omp_lock_t *) __GOMP_NOTHROW;
                                           ^
/usr/lib/gcc/x86_64-linux-gnu/6/include/omp.h:104:27: error: variable or field 'omp_set_lock' declared void
 extern void omp_set_lock (omp_lock_t *) __GOMP_NOTHROW;
                           ^~~~~~~~~~
/usr/lib/gcc/x86_64-linux-gnu/6/include/omp.h:104:27: error: 'omp_lock_t' was not declared in this scope
/usr/lib/gcc/x86_64-linux-gnu/6/include/omp.h:104:39: error: expected primary-expression before ')' token
 extern void omp_set_lock (omp_lock_t *) __GOMP_NOTHROW;
                                       ^
/usr/lib/gcc/x86_64-linux-gnu/6/include/omp.h:105:29: error: variable or field 'omp_unset_lock' declared void
 extern void omp_unset_lock (omp_lock_t *) __GOMP_NOTHROW;
                             ^~~~~~~~~~
/usr/lib/gcc/x86_64-linux-gnu/6/include/omp.h:105:29: error: 'omp_lock_t' was not declared in this scope
/usr/lib/gcc/x86_64-linux-gnu/6/include/omp.h:105:41: error: expected primary-expression before ')' token
 extern void omp_unset_lock (omp_lock_t *) __GOMP_NOTHROW;
                                         ^
/usr/lib/gcc/x86_64-linux-gnu/6/include/omp.h:106:27: error: 'omp_lock_t' was not declared in this scope
 extern int omp_test_lock (omp_lock_t *) __GOMP_NOTHROW;
                           ^~~~~~~~~~
/usr/lib/gcc/x86_64-linux-gnu/6/include/omp.h:106:39: error: expected primary-expression before ')' token
 extern int omp_test_lock (omp_lock_t *) __GOMP_NOTHROW;
                                       ^
/usr/lib/gcc/x86_64-linux-gnu/6/include/omp.h:109:43: error: variable or field 'omp_init_nest_lock_with_hint' declared void
 extern void omp_init_nest_lock_with_hint (omp_lock_t *, omp_lock_hint_t)
                                           ^~~~~~~~~~
/usr/lib/gcc/x86_64-linux-gnu/6/include/omp.h:109:43: error: 'omp_lock_t' was not declared in this scope
/usr/lib/gcc/x86_64-linux-gnu/6/include/omp.h:109:55: error: expected primary-expression before ',' token
 extern void omp_init_nest_lock_with_hint (omp_lock_t *, omp_lock_hint_t)
                                                       ^
/usr/lib/gcc/x86_64-linux-gnu/6/include/omp.h:109:72: error: expected primary-expression before ')' token
 extern void omp_init_nest_lock_with_hint (omp_lock_t *, omp_lock_hint_t)
                                                                        ^
configure:15563: $? = 1
configure: failed program was:
| /* confdefs.h */
| #define PACKAGE_NAME "cmsat"
| #define PACKAGE_TARNAME "cmsat"
| #define PACKAGE_VERSION "2.9.9"
| #define PACKAGE_STRING "cmsat 2.9.9"
| #define PACKAGE_BUGREPORT ""
| #define PACKAGE_URL ""
| #define STDC_HEADERS 1
| #define HAVE_SYS_TYPES_H 1
| #define HAVE_SYS_STAT_H 1
| #define HAVE_STDLIB_H 1
| #define HAVE_STRING_H 1
| #define HAVE_MEMORY_H 1
| #define HAVE_STRINGS_H 1
| #define HAVE_INTTYPES_H 1
| #define HAVE_STDINT_H 1
| #define HAVE_UNISTD_H 1
| #define HAVE_DLFCN_H 1
| #define LT_OBJDIR ".libs/"
| #define PACKAGE "cmsat"
| #define VERSION "2.9.9"
| #define HAVE_IOSTREAM 1
| #define SIZEOF_INT 4
| #define SIZEOF_LONG 8
| #define SIZEOF_SIZE_T 8
| #define USE_GAUSS 1
| /* end confdefs.h.  */
| 
| #ifndef _OPENMP
|  choke me
| #endif
| #include <omp.h>
| int main () { return omp_get_num_threads (); }
| 
configure:15581: g++ -o conftest -g -O3 -Wall -pedantic -fopenmp   conftest.cpp  >&5
configure:15581: $? = 0
configure:15595: result: -fopenmp
configure:15608: checking for gzread in -lz
configure:15633: g++ -o conftest -g -O3 -Wall -pedantic   conftest.cpp -lz   >&5
configure:15633: $? = 0
configure:15642: result: yes
configure:15797: creating ./config.status

## ---------------- ##
## Cache variables. ##
## ---------------- ##

ac_cv_build=x86_64-unknown-linux-gnu
ac_cv_c_compiler_gnu=yes
ac_cv_cxx_compiler_gnu=yes
ac_cv_env_CCC_set=
ac_cv_env_CCC_value=
ac_cv_env_CC_set=
ac_cv_env_CC_value=
ac_cv_env_CFLAGS_set=
ac_cv_env_CFLAGS_value=
ac_cv_env_CPPFLAGS_set=
ac_cv_env_CPPFLAGS_value=
ac_cv_env_CPP_set=
ac_cv_env_CPP_value=
ac_cv_env_CXXCPP_set=
ac_cv_env_CXXCPP_value=
ac_cv_env_CXXFLAGS_set=
ac_cv_env_CXXFLAGS_value=
ac_cv_env_CXX_set=
ac_cv_env_CXX_value=
ac_cv_env_LDFLAGS_set=
ac_cv_env_LDFLAGS_value=
ac_cv_env_LIBS_set=
ac_cv_env_LIBS_value=
ac_cv_env_build_alias_set=
ac_cv_env_build_alias_value=
ac_cv_env_host_alias_set=
ac_cv_env_host_alias_value=
ac_cv_env_target_alias_set=
ac_cv_env_target_alias_value=
ac_cv_header_dlfcn_h=yes
ac_cv_header_inttypes_h=yes
ac_cv_header_iostream=yes
ac_cv_header_memory_h=yes
ac_cv_header_stdc=yes
ac_cv_header_stdint_h=yes
ac_cv_header_stdlib_h=yes
ac_cv_header_string_h=yes
ac_cv_header_strings_h=yes
ac_cv_header_sys_stat_h=yes
ac_cv_header_sys_types_h=yes
ac_cv_header_unistd_h=yes
ac_cv_host=x86_64-unknown-linux-gnu
ac_cv_lib_z_gzread=yes
ac_cv_objext=o
ac_cv_path_EGREP='/bin/grep -E'
ac_cv_path_FGREP='/bin/grep -F'
ac_cv_path_GREP=/bin/grep
ac_cv_path_SED=/bin/sed
ac_cv_path_install='/usr/bin/install -c'
ac_cv_path_mkdir=/bin/mkdir
ac_cv_prog_AWK=gawk
ac_cv_prog_CPP='gcc -E'
ac_cv_prog_CXXCPP='g++ -E'
ac_cv_prog_ac_ct_AR=ar
ac_cv_prog_ac_ct_CC=gcc
ac_cv_prog_ac_ct_CXX=g++
ac_cv_prog_ac_ct_MANIFEST_TOOL=mt
ac_cv_prog_ac_ct_OBJDUMP=objdump
ac_cv_prog_ac_ct_RANLIB=ranlib
ac_cv_prog_ac_ct_STRIP=strip
ac_cv_prog_cc_c89=
ac_cv_prog_cc_g=yes
ac_cv_prog_cxx_g=yes
ac_cv_prog_cxx_openmp=-fopenmp
ac_cv_prog_make_make_set=yes
ac_cv_sizeof_int=4
ac_cv_sizeof_long=8
ac_cv_sizeof_size_t=8
am_cv_CC_dependencies_compiler_type=gcc3
am_cv_CXX_dependencies_compiler_type=gcc3
fpre_cv_bug=no
lt_cv_ar_at_file=@
lt_cv_archive_cmds_need_lc=no
lt_cv_deplibs_check_method=pass_all
lt_cv_file_magic_cmd='$MAGIC_CMD'
lt_cv_file_magic_test_file=
lt_cv_ld_reload_flag=-r
lt_cv_nm_interface='BSD nm'
lt_cv_objdir=.libs
lt_cv_path_LD=/usr/bin/ld
lt_cv_path_LDCXX='/usr/bin/ld -m elf_x86_64'
lt_cv_path_NM='/usr/bin/nm -B'
lt_cv_path_mainfest_tool=no
lt_cv_prog_compiler_c_o=yes
lt_cv_prog_compiler_c_o_CXX=yes
lt_cv_prog_compiler_pic='-fPIC -DPIC'
lt_cv_prog_compiler_pic_CXX='-fPIC -DPIC'
lt_cv_prog_compiler_pic_works=yes
lt_cv_prog_compiler_pic_works_CXX=yes
lt_cv_prog_compiler_rtti_exceptions=no
lt_cv_prog_compiler_static_works=yes
lt_cv_prog_compiler_static_works_CXX=yes
lt_cv_prog_gnu_ld=yes
lt_cv_prog_gnu_ldcxx=yes
lt_cv_sharedlib_from_linklib_cmd='printf %s\n'
lt_cv_shlibpath_overrides_runpath=yes
lt_cv_sys_global_symbol_pipe='sed -n -e '\''s/^.*[	 ]\([ABCDGIRSTW][ABCDGIRSTW]*\)[	 ][	 ]*\([_A-Za-z][_A-Za-z0-9]*\)$/\1 \2 \2/p'\'' | sed '\''/ __gnu_lto/d'\'''
lt_cv_sys_global_symbol_to_c_name_address='sed -n -e '\''s/^: \([^ ]*\)[ ]*$/  {\"\1\", (void *) 0},/p'\'' -e '\''s/^[ABCDGIRSTW]* \([^ ]*\) \([^ ]*\)$/  {"\2", (void *) \&\2},/p'\'''
lt_cv_sys_global_symbol_to_c_name_address_lib_prefix='sed -n -e '\''s/^: \([^ ]*\)[ ]*$/  {\"\1\", (void *) 0},/p'\'' -e '\''s/^[ABCDGIRSTW]* \([^ ]*\) \(lib[^ ]*\)$/  {"\2", (void *) \&\2},/p'\'' -e '\''s/^[ABCDGIRSTW]* \([^ ]*\) \([^ ]*\)$/  {"lib\2", (void *) \&\2},/p'\'''
lt_cv_sys_global_symbol_to_cdecl='sed -n -e '\''s/^T .* \(.*\)$/extern int \1();/p'\'' -e '\''s/^[ABCDGIRSTW]* .* \(.*\)$/extern char \1;/p'\'''
lt_cv_sys_max_cmd_len=1572864
lt_cv_to_host_file_cmd=func_convert_file_noop
lt_cv_to_tool_file_cmd=func_convert_file_noop

## ----------------- ##
## Output variables. ##
## ----------------- ##

ACLOCAL='${SHELL} /home/itops/Dropbox/NYUAD_From_2013/DfX_Research/Work_and_Progress/Project_Wise/Platform_CCS_2017/Attempt_1/source/cmsat-2.9.9/missing --run aclocal-1.11'
AMDEPBACKSLASH='\'
AMDEP_FALSE='#'
AMDEP_TRUE=''
AMTAR='$${TAR-tar}'
AR='ar'
AUTOCONF='${SHELL} /home/itops/Dropbox/NYUAD_From_2013/DfX_Research/Work_and_Progress/Project_Wise/Platform_CCS_2017/Attempt_1/source/cmsat-2.9.9/missing --run autoconf'
AUTOHEADER='${SHELL} /home/itops/Dropbox/NYUAD_From_2013/DfX_Research/Work_and_Progress/Project_Wise/Platform_CCS_2017/Attempt_1/source/cmsat-2.9.9/missing --run autoheader'
AUTOMAKE='${SHELL} /home/itops/Dropbox/NYUAD_From_2013/DfX_Research/Work_and_Progress/Project_Wise/Platform_CCS_2017/Attempt_1/source/cmsat-2.9.9/missing --run automake-1.11'
AWK='gawk'
CC='gcc'
CCDEPMODE='depmode=gcc3'
CFLAGS='-g -O2'
CPP='gcc -E'
CPPFLAGS=''
CXX='g++'
CXXCPP='g++ -E'
CXXDEPMODE='depmode=gcc3'
CXXFLAGS='-g -O3 -Wall -pedantic'
CYGPATH_W='echo'
DEFS='-DHAVE_CONFIG_H'
DEPDIR='.deps'
DLLTOOL='false'
DSYMUTIL=''
DUMPBIN=''
ECHO_C=''
ECHO_N='-n'
ECHO_T=''
EGREP='/bin/grep -E'
EXEEXT=''
FGREP='/bin/grep -F'
GREP='/bin/grep'
INSTALL_DATA='${INSTALL} -m 644'
INSTALL_PROGRAM='${INSTALL}'
INSTALL_SCRIPT='${INSTALL}'
INSTALL_STRIP_PROGRAM='$(install_sh) -c -s'
LD='/usr/bin/ld -m elf_x86_64'
LDFLAGS=''
LIBOBJS=''
LIBS='-lz '
LIBTOOL='$(SHELL) $(top_builddir)/libtool'
LIPO=''
LN_S='ln -s'
LTLIBOBJS=''
MAKEINFO='${SHELL} /home/itops/Dropbox/NYUAD_From_2013/DfX_Research/Work_and_Progress/Project_Wise/Platform_CCS_2017/Attempt_1/source/cmsat-2.9.9/missing --run makeinfo'
MANIFEST_TOOL=':'
MKDIR_P='/bin/mkdir -p'
NM='/usr/bin/nm -B'
NMEDIT=''
OBJDUMP='objdump'
OBJEXT='o'
OPENMP_CXXFLAGS='-fopenmp'
OTOOL64=''
OTOOL=''
PACKAGE='cmsat'
PACKAGE_BUGREPORT=''
PACKAGE_NAME='cmsat'
PACKAGE_STRING='cmsat 2.9.9'
PACKAGE_TARNAME='cmsat'
PACKAGE_URL=''
PACKAGE_VERSION='2.9.9'
PATH_SEPARATOR=':'
RANLIB='ranlib'
SED='/bin/sed'
SET_MAKE=''
SHELL='/bin/bash'
STRIP='strip'
VERSION='2.9.9'
ac_ct_AR='ar'
ac_ct_CC='gcc'
ac_ct_CXX='g++'
ac_ct_DUMPBIN=''
am__EXEEXT_FALSE=''
am__EXEEXT_TRUE='#'
am__fastdepCC_FALSE='#'
am__fastdepCC_TRUE=''
am__fastdepCXX_FALSE='#'
am__fastdepCXX_TRUE=''
am__include='include'
am__isrc=' -I$(srcdir)'
am__leading_dot='.'
am__nodep='_no'
am__quote=''
am__tar='$${TAR-tar} chof - "$$tardir"'
am__untar='$${TAR-tar} xf -'
bindir='${exec_prefix}/bin'
build='x86_64-unknown-linux-gnu'
build_alias=''
build_cpu='x86_64'
build_os='linux-gnu'
build_vendor='unknown'
datadir='${datarootdir}'
datarootdir='${prefix}/share'
docdir='${datarootdir}/doc/${PACKAGE_TARNAME}'
dvidir='${docdir}'
exec_prefix='${prefix}'
host='x86_64-unknown-linux-gnu'
host_alias=''
host_cpu='x86_64'
host_os='linux-gnu'
host_vendor='unknown'
htmldir='${docdir}'
includedir='${prefix}/include'
infodir='${datarootdir}/info'
install_sh='${SHELL} /home/itops/Dropbox/NYUAD_From_2013/DfX_Research/Work_and_Progress/Project_Wise/Platform_CCS_2017/Attempt_1/source/cmsat-2.9.9/install-sh'
libdir='${exec_prefix}/lib'
libexecdir='${exec_prefix}/libexec'
localedir='${datarootdir}/locale'
localstatedir='${prefix}/var'
mandir='${datarootdir}/man'
mkdir_p='/bin/mkdir -p'
oldincludedir='/usr/include'
pdfdir='${docdir}'
prefix='/usr/local'
program_transform_name='s,x,x,'
psdir='${docdir}'
runstatedir='${localstatedir}/run'
sbindir='${exec_prefix}/sbin'
sharedstatedir='${prefix}/com'
sysconfdir='${prefix}/etc'
target_alias=''

## ----------- ##
## confdefs.h. ##
## ----------- ##

/* confdefs.h */
#define PACKAGE_NAME "cmsat"
#define PACKAGE_TARNAME "cmsat"
#define PACKAGE_VERSION "2.9.9"
#define PACKAGE_STRING "cmsat 2.9.9"
#define PACKAGE_BUGREPORT ""
#define PACKAGE_URL ""
#define STDC_HEADERS 1
#define HAVE_SYS_TYPES_H 1
#define HAVE_SYS_STAT_H 1
#define HAVE_STDLIB_H 1
#define HAVE_STRING_H 1
#define HAVE_MEMORY_H 1
#define HAVE_STRINGS_H 1
#define HAVE_INTTYPES_H 1
#define HAVE_STDINT_H 1
#define HAVE_UNISTD_H 1
#define HAVE_DLFCN_H 1
#define LT_OBJDIR ".libs/"
#define PACKAGE "cmsat"
#define VERSION "2.9.9"
#define HAVE_IOSTREAM 1
#define SIZEOF_INT 4
#define SIZEOF_LONG 8
#define SIZEOF_SIZE_T 8
#define USE_GAUSS 1
#define HAVE_LIBZ 1

configure: exit 0

## ---------------------- ##
## Running config.status. ##
## ---------------------- ##

This file was extended by cmsat config.status 2.9.9, which was
generated by GNU Autoconf 2.69.  Invocation command line was

  CONFIG_FILES    = 
  CONFIG_HEADERS  = 
  CONFIG_LINKS    = 
  CONFIG_COMMANDS = 
  $ ./config.status 

on itops-X8DA6

config.status:1154: creating Makefile
config.status:1154: creating cmsat/Makefile
config.status:1154: creating man/Makefile
config.status:1154: creating config.h
config.status:1320: config.h is unchanged
config.status:1368: executing libtool commands
config.status:1368: executing depfiles commands

## ---------------------- ##
## Running config.status. ##
## ---------------------- ##

This file was extended by cmsat config.status 2.9.9, which was
generated by GNU Autoconf 2.69.  Invocation command line was

  CONFIG_FILES    = 
  CONFIG_HEADERS  = 
  CONFIG_LINKS    = 
  CONFIG_COMMANDS = 
  $ ./config.status config.h

on itops-X8DA6

config.status:1154: creating config.h
config.status:1320: config.h is unchanged
